WARNING: Failed to find function "__sanitizer_acquire_crash_state".
WARNING: Failed to find function "__sanitizer_print_stack_trace".
WARNING: Failed to find function "__sanitizer_set_death_callback".
INFO: Running with entropic power schedule (0xFF, 100).
INFO: Seed: 3649804594
MERGE-OUTER: 1317 files, 0 in the initial corpus, 0 processed earlier
MERGE-OUTER: attempt 1
WARNING: Failed to find function "__sanitizer_acquire_crash_state".
WARNING: Failed to find function "__sanitizer_print_stack_trace".
WARNING: Failed to find function "__sanitizer_set_death_callback".
INFO: Running with entropic power schedule (0xFF, 100).
INFO: Seed: 3649817049
INFO: -max_len is not provided; libFuzzer will not generate inputs larger than 1048576 bytes
MERGE-INNER: using the control file '/tmp/libFuzzerTemp.Merge102.txt'
MERGE-INNER: 1317 total files; 0 processed earlier; will process 1317 files now
#1	pulse  exec/s: 0 rss: 29Mb
#2	pulse  exec/s: 0 rss: 29Mb
#4	pulse  exec/s: 0 rss: 29Mb
#8	pulse  exec/s: 0 rss: 30Mb
#16	pulse  exec/s: 0 rss: 30Mb
#32	pulse  exec/s: 0 rss: 30Mb
#64	pulse  exec/s: 0 rss: 30Mb
#128	pulse  exec/s: 0 rss: 30Mb
#256	pulse  exec/s: 0 rss: 30Mb
#512	pulse  exec/s: 0 rss: 30Mb
#1024	pulse  exec/s: 0 rss: 30Mb
Segmentation fault (core dumped)
MERGE-OUTER: attempt 2
WARNING: Failed to find function "__sanitizer_acquire_crash_state".
WARNING: Failed to find function "__sanitizer_print_stack_trace".
WARNING: Failed to find function "__sanitizer_set_death_callback".
INFO: Running with entropic power schedule (0xFF, 100).
INFO: Seed: 3653073959
INFO: -max_len is not provided; libFuzzer will not generate inputs larger than 1048576 bytes
MERGE-INNER: using the control file '/tmp/libFuzzerTemp.Merge102.txt'
MERGE-INNER: '/github/workspace/cifuzz-corpus/fuzz_compile/2abbd99bca07c5276c01c5e85ff4fcffc00e1d22' caused a failure at the previous merge step
MERGE-INNER: 1317 total files; 1315 processed earlier; will process 2 files now
Segmentation fault (core dumped)
MERGE-OUTER: attempt 3
WARNING: Failed to find function "__sanitizer_acquire_crash_state".
WARNING: Failed to find function "__sanitizer_print_stack_trace".
WARNING: Failed to find function "__sanitizer_set_death_callback".
INFO: Running with entropic power schedule (0xFF, 100).
INFO: Seed: 3653588408
INFO: -max_len is not provided; libFuzzer will not generate inputs larger than 1048576 bytes
MERGE-INNER: using the control file '/tmp/libFuzzerTemp.Merge102.txt'
MERGE-INNER: '/github/workspace/cifuzz-corpus/fuzz_compile/00000c91094f8acac233346e50806e59bfb38c84' caused a failure at the previous merge step
MERGE-INNER: 1317 total files; 1316 processed earlier; will process 1 files now
Segmentation fault (core dumped)
MERGE-OUTER: attempt 4
WARNING: Failed to find function "__sanitizer_acquire_crash_state".
WARNING: Failed to find function "__sanitizer_print_stack_trace".
WARNING: Failed to find function "__sanitizer_set_death_callback".
INFO: Running with entropic power schedule (0xFF, 100).
INFO: Seed: 3654148529
INFO: -max_len is not provided; libFuzzer will not generate inputs larger than 1048576 bytes
MERGE-INNER: using the control file '/tmp/libFuzzerTemp.Merge102.txt'
MERGE-INNER: '/github/workspace/cifuzz-corpus/fuzz_compile/9e46fd75d5407e94b2de483d52bec06b20830153' caused a failure at the previous merge step
MERGE-INNER: 1317 total files; 1317 processed earlier; will process 0 files now
#0	DONE   exec/s: 0 rss: 29Mb
MERGE-OUTER: successful in 4 attempt(s)
MERGE-OUTER: the control file has 153320 bytes
MERGE-OUTER: consumed 0Mb (29Mb rss) to parse the control file
MERGE-OUTER: 0 new files with 0 new features added; 0 new coverage edges
